[ 50%] Built target cartesian_impedance_control
[35m[1mConsolidate compiler generated dependencies of target user_input_client[0m
[ 75%] Built target force_control_client
[ 87%] [32mBuilding CXX object CMakeFiles/user_input_client.dir/src/user_input_client.cpp.o[0m
[01m[K/home/simi/franka_ros2_ws/src/cartesian_impedance_control/src/user_input_client.cpp:[m[K In function â€˜[01m[Kint main(int, char**)[m[Kâ€™:
[01m[K/home/simi/franka_ros2_ws/src/cartesian_impedance_control/src/user_input_client.cpp:43:5:[m[K [01;31m[Kerror: [m[Kâ€˜[01m[Kpublish_message[m[Kâ€™ was not declared in this scope
   43 |     [01;31m[Kpublish_message[m[K(pose_client, pose_request, node);
      |     [01;31m[K^~~~~~~~~~~~~~~[m[K
[01m[K/home/simi/franka_ros2_ws/src/cartesian_impedance_control/src/user_input_client.cpp:24:9:[m[K [01;35m[Kwarning: [m[Kunused variable â€˜[01m[Ktask_selection[m[Kâ€™ [[01;35m[K]8;;https://gcc.gnu.org/onlinedocs/gcc/Warning-Options.html#index-Wunused-variable-Wunused-variable]8;;[m[K]
   24 |     int [01;35m[Ktask_selection[m[K, param_selection;
      |         [01;35m[K^~~~~~~~~~~~~~[m[K
[01m[K/home/simi/franka_ros2_ws/src/cartesian_impedance_control/src/user_input_client.cpp:24:25:[m[K [01;35m[Kwarning: [m[Kunused variable â€˜[01m[Kparam_selection[m[Kâ€™ [[01;35m[K]8;;https://gcc.gnu.org/onlinedocs/gcc/Warning-Options.html#index-Wunused-variable-Wunused-variable]8;;[m[K]
   24 |     int task_selection, [01;35m[Kparam_selection[m[K;
      |                         [01;35m[K^~~~~~~~~~~~~~~[m[K
gmake[2]: *** [CMakeFiles/user_input_client.dir/build.make:76: CMakeFiles/user_input_client.dir/src/user_input_client.cpp.o] Error 1
gmake[1]: *** [CMakeFiles/Makefile2:167: CMakeFiles/user_input_client.dir/all] Error 2
gmake: *** [Makefile:146: all] Error 2
