[ 40%] Built target cartesian_impedance_control
[35m[1mConsolidate compiler generated dependencies of target gripper[0m
[ 80%] Built target force_control_client
[ 80%] Built target user_input_client
[ 90%] [32mBuilding CXX object CMakeFiles/gripper.dir/src/gripper.cpp.o[0m
[01m[K/home/simi/franka_ros2_ws/src/cartesian_impedance_control/src/gripper.cpp:[m[K In member function â€˜[01m[Kvoid GripperControlNode::command_callback(std_msgs::msg::String_<std::allocator<void> >::SharedPtr)[m[Kâ€™:
[01m[K/home/simi/franka_ros2_ws/src/cartesian_impedance_control/src/gripper.cpp:26:17:[m[K [01;31m[Kerror: [m[Kâ€˜[01m[Kgripper_[m[Kâ€™ was not declared in this scope
   26 |                 [01;31m[Kgripper_[m[K.move(0.08, gripper_speed);
      |                 [01;31m[K^~~~~~~~[m[K
[01m[K/home/simi/franka_ros2_ws/src/cartesian_impedance_control/src/gripper.cpp:29:17:[m[K [01;31m[Kerror: [m[Kâ€˜[01m[Kgripper_[m[Kâ€™ was not declared in this scope
   29 |                 [01;31m[Kgripper_[m[K.move(0.04, gripper_speed);
      |                 [01;31m[K^~~~~~~~[m[K
[01m[K/home/simi/franka_ros2_ws/src/cartesian_impedance_control/src/gripper.cpp:32:17:[m[K [01;31m[Kerror: [m[Kâ€˜[01m[Kgripper_[m[Kâ€™ was not declared in this scope
   32 |                 [01;31m[Kgripper_[m[K.move(0.005, gripper_speed);
      |                 [01;31m[K^~~~~~~~[m[K
[01m[K/home/simi/franka_ros2_ws/src/cartesian_impedance_control/src/gripper.cpp:35:17:[m[K [01;31m[Kerror: [m[Kâ€˜[01m[Kgripper_[m[Kâ€™ was not declared in this scope
   35 |                 [01;31m[Kgripper_[m[K.grasp(0.06, gripper_speed, 10, 0.003, 0.002);
      |                 [01;31m[K^~~~~~~~[m[K
[01m[K/home/simi/franka_ros2_ws/src/cartesian_impedance_control/src/gripper.cpp:38:17:[m[K [01;31m[Kerror: [m[Kâ€˜[01m[Kgripper_[m[Kâ€™ was not declared in this scope
   38 |                 [01;31m[Kgripper_[m[K.grasp(0.015, gripper_speed, 10, 0.003, 0.002);
      |                 [01;31m[K^~~~~~~~[m[K
gmake[2]: *** [CMakeFiles/gripper.dir/build.make:76: CMakeFiles/gripper.dir/src/gripper.cpp.o] Error 1
gmake[1]: *** [CMakeFiles/Makefile2:221: CMakeFiles/gripper.dir/all] Error 2
gmake: *** [Makefile:146: all] Error 2
