[0.035s] Invoking command in '/home/simi/franka_ros2_ws/build/cartesian_impedance_control': CMAKE_PREFIX_PATH=/home/simi/franka_ros2_ws/install/franka_robot_state_broadcaster:/home/simi/franka_ros2_ws/install/franka_semantic_components:/home/simi/franka_ros2_ws/install/franka_hardware:/home/simi/franka_ros2_ws/install/messages_fr3:/home/simi/franka_ros2_ws/install/franka_msgs:/home/simi/franka_ros2_ws/install/franka_description:/home/simi/franka_ros2_ws/install/cartesian_impedance_control:/home/simi/franka_ros2_ws/install/joint_trajectory_controller:/home/simi/franka_ros2_ws/install/integration_launch_testing:/home/simi/franka_ros2_ws/install/franka_bringup:/home/simi/franka_ros2_ws/install/franka_example_controllers:/home/simi/franka_ros2_ws/install/franka_moveit_config:/home/simi/franka_ros2_ws/install/franka_gripper:/home/simi/franka_ros2_ws/install/realtime_plot_of_data:/opt/ros/humble LD_LIBRARY_PATH=/home/simi/franka_ros2_ws/install/franka_robot_state_broadcaster/lib:/home/simi/franka_ros2_ws/install/franka_semantic_components/lib:/home/simi/franka_ros2_ws/install/franka_hardware/lib:/home/simi/franka_ros2_ws/install/messages_fr3/lib:/home/simi/franka_ros2_ws/install/franka_msgs/lib:/home/simi/franka_ros2_ws/install/cartesian_impedance_control/lib:/home/simi/franka_ros2_ws/install/joint_trajectory_controller/lib:/home/simi/franka_ros2_ws/install/integration_launch_testing/lib:/home/simi/franka_ros2_ws/install/franka_example_controllers/lib:/home/simi/franka_ros2_ws/install/franka_gripper/lib:/opt/ros/humble/opt/rviz_ogre_vendor/lib:/opt/ros/humble/lib/x86_64-linux-gnu:/opt/ros/humble/lib /usr/bin/cmake --build /home/simi/franka_ros2_ws/build/cartesian_impedance_control -- -j16 -l16
[0.122s] [ 40%] Built target cartesian_impedance_control
[0.139s] [35m[1mConsolidate compiler generated dependencies of target gripper[0m
[0.158s] [ 80%] Built target force_control_client
[0.158s] [ 80%] Built target user_input_client
[0.168s] [ 90%] [32mBuilding CXX object CMakeFiles/gripper.dir/src/gripper.cpp.o[0m
[2.277s] [01m[K/home/simi/franka_ros2_ws/src/cartesian_impedance_control/src/gripper.cpp:[m[K In member function â€˜[01m[Kvoid GripperControlNode::command_callback(std_msgs::msg::String_<std::allocator<void> >::SharedPtr)[m[Kâ€™:
[2.277s] [01m[K/home/simi/franka_ros2_ws/src/cartesian_impedance_control/src/gripper.cpp:26:17:[m[K [01;31m[Kerror: [m[Kâ€˜[01m[Kgripper_[m[Kâ€™ was not declared in this scope
[2.277s]    26 |                 [01;31m[Kgripper_[m[K.move(0.08, gripper_speed);
[2.277s]       |                 [01;31m[K^~~~~~~~[m[K
[2.282s] [01m[K/home/simi/franka_ros2_ws/src/cartesian_impedance_control/src/gripper.cpp:29:17:[m[K [01;31m[Kerror: [m[Kâ€˜[01m[Kgripper_[m[Kâ€™ was not declared in this scope
[2.282s]    29 |                 [01;31m[Kgripper_[m[K.move(0.04, gripper_speed);
[2.282s]       |                 [01;31m[K^~~~~~~~[m[K
[2.286s] [01m[K/home/simi/franka_ros2_ws/src/cartesian_impedance_control/src/gripper.cpp:32:17:[m[K [01;31m[Kerror: [m[Kâ€˜[01m[Kgripper_[m[Kâ€™ was not declared in this scope
[2.286s]    32 |                 [01;31m[Kgripper_[m[K.move(0.005, gripper_speed);
[2.287s]       |                 [01;31m[K^~~~~~~~[m[K
[2.291s] [01m[K/home/simi/franka_ros2_ws/src/cartesian_impedance_control/src/gripper.cpp:35:17:[m[K [01;31m[Kerror: [m[Kâ€˜[01m[Kgripper_[m[Kâ€™ was not declared in this scope
[2.291s]    35 |                 [01;31m[Kgripper_[m[K.grasp(0.06, gripper_speed, 10, 0.003, 0.002);
[2.292s]       |                 [01;31m[K^~~~~~~~[m[K
[2.296s] [01m[K/home/simi/franka_ros2_ws/src/cartesian_impedance_control/src/gripper.cpp:38:17:[m[K [01;31m[Kerror: [m[Kâ€˜[01m[Kgripper_[m[Kâ€™ was not declared in this scope
[2.296s]    38 |                 [01;31m[Kgripper_[m[K.grasp(0.015, gripper_speed, 10, 0.003, 0.002);
[2.296s]       |                 [01;31m[K^~~~~~~~[m[K
[4.299s] gmake[2]: *** [CMakeFiles/gripper.dir/build.make:76: CMakeFiles/gripper.dir/src/gripper.cpp.o] Error 1
[4.300s] gmake[1]: *** [CMakeFiles/Makefile2:221: CMakeFiles/gripper.dir/all] Error 2
[4.300s] gmake: *** [Makefile:146: all] Error 2
[4.303s] Invoked command in '/home/simi/franka_ros2_ws/build/cartesian_impedance_control' returned '2': CMAKE_PREFIX_PATH=/home/simi/franka_ros2_ws/install/franka_robot_state_broadcaster:/home/simi/franka_ros2_ws/install/franka_semantic_components:/home/simi/franka_ros2_ws/install/franka_hardware:/home/simi/franka_ros2_ws/install/messages_fr3:/home/simi/franka_ros2_ws/install/franka_msgs:/home/simi/franka_ros2_ws/install/franka_description:/home/simi/franka_ros2_ws/install/cartesian_impedance_control:/home/simi/franka_ros2_ws/install/joint_trajectory_controller:/home/simi/franka_ros2_ws/install/integration_launch_testing:/home/simi/franka_ros2_ws/install/franka_bringup:/home/simi/franka_ros2_ws/install/franka_example_controllers:/home/simi/franka_ros2_ws/install/franka_moveit_config:/home/simi/franka_ros2_ws/install/franka_gripper:/home/simi/franka_ros2_ws/install/realtime_plot_of_data:/opt/ros/humble LD_LIBRARY_PATH=/home/simi/franka_ros2_ws/install/franka_robot_state_broadcaster/lib:/home/simi/franka_ros2_ws/install/franka_semantic_components/lib:/home/simi/franka_ros2_ws/install/franka_hardware/lib:/home/simi/franka_ros2_ws/install/messages_fr3/lib:/home/simi/franka_ros2_ws/install/franka_msgs/lib:/home/simi/franka_ros2_ws/install/cartesian_impedance_control/lib:/home/simi/franka_ros2_ws/install/joint_trajectory_controller/lib:/home/simi/franka_ros2_ws/install/integration_launch_testing/lib:/home/simi/franka_ros2_ws/install/franka_example_controllers/lib:/home/simi/franka_ros2_ws/install/franka_gripper/lib:/opt/ros/humble/opt/rviz_ogre_vendor/lib:/opt/ros/humble/lib/x86_64-linux-gnu:/opt/ros/humble/lib /usr/bin/cmake --build /home/simi/franka_ros2_ws/build/cartesian_impedance_control -- -j16 -l16
