[35m[1mConsolidate compiler generated dependencies of target cartesian_impedance_control[0m
[ 25%] [32mBuilding CXX object CMakeFiles/cartesian_impedance_control.dir/src/cartesian_impedance_controller.cpp.o[0m
[ 25%] [32mBuilding CXX object CMakeFiles/cartesian_impedance_control.dir/src/user_input_server.cpp.o[0m
[01m[K/home/simi/franka_ros2_ws/src/cartesian_impedance_control/src/cartesian_impedance_controller.cpp:[m[K In member function â€˜[01m[Kvoid cartesian_impedance_control::CartesianImpedanceController::checklimits()[m[Kâ€™:
[01m[K/home/simi/franka_ros2_ws/src/cartesian_impedance_control/src/cartesian_impedance_controller.cpp:60:15:[m[K [01;31m[Kerror: [m[Kâ€˜[01m[Kposition[m[Kâ€™ was not declared in this scope; did you mean â€˜[01m[Kposition_d_[m[Kâ€™?
   60 |   if(std::abs([01;31m[Kposition[m[K(1))>0.5){
      |               [01;31m[K^~~~~~~~[m[K
      |               [32m[Kposition_d_[m[K
gmake[2]: *** [CMakeFiles/cartesian_impedance_control.dir/build.make:76: CMakeFiles/cartesian_impedance_control.dir/src/cartesian_impedance_controller.cpp.o] Error 1
gmake[1]: *** [CMakeFiles/Makefile2:141: CMakeFiles/cartesian_impedance_control.dir/all] Error 2
gmake: *** [Makefile:146: all] Error 2
